2018-11-30 11:07:55,594 - SimpleLog4JLogSystem initialized using logfile 'velocity.log'
2018-11-30 11:07:55,594 - ************************************************************** 
2018-11-30 11:07:55,594 - Starting Jakarta Velocity v1.4
2018-11-30 11:07:55,594 - RuntimeInstance initializing.
2018-11-30 11:07:55,594 - Default Properties File: org/apache/velocity/runtime/defaults/velocity.properties
2018-11-30 11:07:55,594 - Trying to use logger class org.apache.velocity.runtime.log.SimpleLog4JLogSystem
2018-11-30 11:07:55,594 - Using logger class org.apache.velocity.runtime.log.SimpleLog4JLogSystem
2018-11-30 11:07:55,603 - Default ResourceManager initializing. (class org.apache.velocity.runtime.resource.ResourceManagerImpl)
2018-11-30 11:07:55,616 - Resource Loader Instantiated: org.apache.velocity.runtime.resource.loader.ClasspathResourceLoader
2018-11-30 11:07:55,616 - ClasspathResourceLoader : initialization starting.
2018-11-30 11:07:55,616 - ClasspathResourceLoader : initialization complete.
2018-11-30 11:07:55,621 - ResourceCache : initialized. (class org.apache.velocity.runtime.resource.ResourceCacheImpl)
2018-11-30 11:07:55,621 - Default ResourceManager initialization complete.
2018-11-30 11:07:55,630 - Loaded System Directive: org.apache.velocity.runtime.directive.Literal
2018-11-30 11:07:55,636 - Loaded System Directive: org.apache.velocity.runtime.directive.Macro
2018-11-30 11:07:55,646 - Loaded System Directive: org.apache.velocity.runtime.directive.Parse
2018-11-30 11:07:55,652 - Loaded System Directive: org.apache.velocity.runtime.directive.Include
2018-11-30 11:07:55,654 - Loaded System Directive: org.apache.velocity.runtime.directive.Foreach
2018-11-30 11:07:55,719 - Created: 20 parsers.
2018-11-30 11:07:55,752 - Velocimacro : initialization starting.
2018-11-30 11:07:55,752 - Velocimacro : adding VMs from VM library template : VM_global_library.vm
2018-11-30 11:07:55,770 - ResourceManager : unable to find resource 'VM_global_library.vm' in any resource loader.
2018-11-30 11:07:55,770 - Velocimacro : error using  VM library template VM_global_library.vm : org.apache.velocity.exception.ResourceNotFoundException: Unable to find resource 'VM_global_library.vm'
2018-11-30 11:07:55,770 - Velocimacro :  VM library template macro registration complete.
2018-11-30 11:07:55,770 - Velocimacro : allowInline = true : VMs can be defined inline in templates
2018-11-30 11:07:55,771 - Velocimacro : allowInlineToOverride = false : VMs defined inline may NOT replace previous VM definitions
2018-11-30 11:07:55,771 - Velocimacro : allowInlineLocal = false : VMs defined inline will be  global in scope if allowed.
2018-11-30 11:07:55,771 - Velocimacro : messages on  : VM system will output logging messages
2018-11-30 11:07:55,771 - Velocimacro : autoload off  : VM system will not automatically reload global library macros
2018-11-30 11:07:55,771 - Velocimacro : initialization complete.
2018-11-30 11:07:55,771 - Velocity successfully started.
2018-11-30 11:10:12,429 - ResourceManager : found repast/simphony/scenario/Scenario.vt with loader org.apache.velocity.runtime.resource.loader.ClasspathResourceLoader
